[16:44:06] [main/INFO]: LiteLoader 1.12.2 starting up...
[16:44:06] [main/INFO]: Active Pack: 1.12.2-SNAPSHOT-r4CC2BB0-b4-4
[16:44:06] [main/INFO]: Java reports OS="windows 10"
[16:44:06] [main/INFO]: Adding supported mod class prefix 'LiteMod'
[16:44:06] [main/INFO]: Enumerating class path...
[16:44:06] [main/INFO]: Class path separator=";"
[16:44:06] [main/INFO]: Class path entries=(
   classpathEntry=C:/Users/Public/MultiMC/jars/NewLaunch.jar
   classpathEntry=C:/Users/Public/MultiMC/libraries/net/java/jinput/jinput/2.0.5/jinput-2.0.5.jar
   classpathEntry=C:/Users/Public/MultiMC/libraries/net/java/jutils/jutils/1.0.0/jutils-1.0.0.jar
   classpathEntry=C:/Users/Public/MultiMC/libraries/org/lwjgl/lwjgl/lwjgl/2.9.4-nightly-20150209/lwjgl-2.9.4-nightly-20150209.jar
   classpathEntry=C:/Users/Public/MultiMC/libraries/org/lwjgl/lwjgl/lwjgl_util/2.9.4-nightly-20150209/lwjgl_util-2.9.4-nightly-20150209.jar
   classpathEntry=C:/Users/Public/MultiMC/libraries/com/mojang/patchy/1.1/patchy-1.1.jar
   classpathEntry=C:/Users/Public/MultiMC/libraries/oshi-project/oshi-core/1.1/oshi-core-1.1.jar
   classpathEntry=C:/Users/Public/MultiMC/libraries/net/java/dev/jna/jna/4.4.0/jna-4.4.0.jar
   classpathEntry=C:/Users/Public/MultiMC/libraries/net/java/dev/jna/platform/3.4.0/platform-3.4.0.jar
   classpathEntry=C:/Users/Public/MultiMC/libraries/com/ibm/icu/icu4j-core-mojang/51.2/icu4j-core-mojang-51.2.jar
   classpathEntry=C:/Users/Public/MultiMC/libraries/net/sf/jopt-simple/jopt-simple/5.0.3/jopt-simple-5.0.3.jar
   classpathEntry=C:/Users/Public/MultiMC/libraries/com/paulscode/codecjorbis/20101023/codecjorbis-20101023.jar
   classpathEntry=C:/Users/Public/MultiMC/libraries/com/paulscode/codecwav/20101023/codecwav-20101023.jar
   classpathEntry=C:/Users/Public/MultiMC/libraries/com/paulscode/libraryjavasound/20101123/libraryjavasound-20101123.jar
   classpathEntry=C:/Users/Public/MultiMC/libraries/com/paulscode/librarylwjglopenal/20100824/librarylwjglopenal-20100824.jar
   classpathEntry=C:/Users/Public/MultiMC/libraries/com/paulscode/soundsystem/20120107/soundsystem-20120107.jar
   classpathEntry=C:/Users/Public/MultiMC/libraries/io/netty/netty-all/4.1.9.Final/netty-all-4.1.9.Final.jar
   classpathEntry=C:/Users/Public/MultiMC/libraries/com/google/guava/guava/21.0/guava-21.0.jar
   classpathEntry=C:/Users/Public/MultiMC/libraries/org/apache/commons/commons-lang3/3.5/commons-lang3-3.5.jar
   classpathEntry=C:/Users/Public/MultiMC/libraries/commons-io/commons-io/2.5/commons-io-2.5.jar
   classpathEntry=C:/Users/Public/MultiMC/libraries/commons-codec/commons-codec/1.10/commons-codec-1.10.jar
   classpathEntry=C:/Users/Public/MultiMC/libraries/com/google/code/gson/gson/2.8.0/gson-2.8.0.jar
   classpathEntry=C:/Users/Public/MultiMC/libraries/com/mojang/authlib/1.5.25/authlib-1.5.25.jar
   classpathEntry=C:/Users/Public/MultiMC/libraries/com/mojang/realms/1.10.22/realms-1.10.22.jar
   classpathEntry=C:/Users/Public/MultiMC/libraries/org/apache/commons/commons-compress/1.8.1/commons-compress-1.8.1.jar
   classpathEntry=C:/Users/Public/MultiMC/libraries/org/apache/httpcomponents/httpclient/4.3.3/httpclient-4.3.3.jar
   classpathEntry=C:/Users/Public/MultiMC/libraries/commons-logging/commons-logging/1.1.3/commons-logging-1.1.3.jar
   classpathEntry=C:/Users/Public/MultiMC/libraries/org/apache/httpcomponents/httpcore/4.3.2/httpcore-4.3.2.jar
   classpathEntry=C:/Users/Public/MultiMC/libraries/it/unimi/dsi/fastutil/7.1.0/fastutil-7.1.0.jar
   classpathEntry=C:/Users/Public/MultiMC/libraries/org/apache/logging/log4j/log4j-api/2.8.1/log4j-api-2.8.1.jar
   classpathEntry=C:/Users/Public/MultiMC/libraries/org/apache/logging/log4j/log4j-core/2.8.1/log4j-core-2.8.1.jar
   classpathEntry=C:/Users/Public/MultiMC/libraries/com/mojang/text2speech/1.10.3/text2speech-1.10.3.jar
   classpathEntry=C:/Users/Public/MultiMC/libraries/net/minecraft/launchwrapper/1.12/launchwrapper-1.12.jar
   classpathEntry=C:/Users/Public/MultiMC/libraries/org/ow2/asm/asm-all/5.2/asm-all-5.2.jar
   classpathEntry=C:/Users/Public/MultiMC/libraries/com/mumfrey/liteloader/1.12.2-SNAPSHOT/liteloader-1.12.2-SNAPSHOT.jar
   classpathEntry=C:/Users/Public/MultiMC/libraries/net/minecraftforge/forge/1.12.2-14.23.5.2808/forge-1.12.2-14.23.5.2808-universal.jar
   classpathEntry=C:/Users/Public/MultiMC/libraries/org/jline/jline/3.5.1/jline-3.5.1.jar
   classpathEntry=C:/Users/Public/MultiMC/libraries/com/typesafe/akka/akka-actor_2.11/2.3.3/akka-actor_2.11-2.3.3.jar
   classpathEntry=C:/Users/Public/MultiMC/libraries/com/typesafe/config/1.2.1/config-1.2.1.jar
   classpathEntry=C:/Users/Public/MultiMC/libraries/org/scala-lang/scala-actors-migration_2.11/1.1.0/scala-actors-migration_2.11-1.1.0.jar
   classpathEntry=C:/Users/Public/MultiMC/libraries/org/scala-lang/scala-compiler/2.11.1/scala-compiler-2.11.1.jar
   classpathEntry=C:/Users/Public/MultiMC/libraries/org/scala-lang/plugins/scala-continuations-library_2.11/1.0.2/scala-continuations-library_2.11-1.0.2.jar
   classpathEntry=C:/Users/Public/MultiMC/libraries/org/scala-lang/plugins/scala-continuations-plugin_2.11.1/1.0.2/scala-continuations-plugin_2.11.1-1.0.2.jar
   classpathEntry=C:/Users/Public/MultiMC/libraries/org/scala-lang/scala-library/2.11.1/scala-library-2.11.1.jar
   classpathEntry=C:/Users/Public/MultiMC/libraries/org/scala-lang/scala-parser-combinators_2.11/1.0.1/scala-parser-combinators_2.11-1.0.1.jar
   classpathEntry=C:/Users/Public/MultiMC/libraries/org/scala-lang/scala-reflect/2.11.1/scala-reflect-2.11.1.jar
   classpathEntry=C:/Users/Public/MultiMC/libraries/org/scala-lang/scala-swing_2.11/1.0.1/scala-swing_2.11-1.0.1.jar
   classpathEntry=C:/Users/Public/MultiMC/libraries/org/scala-lang/scala-xml_2.11/1.0.2/scala-xml_2.11-1.0.2.jar
   classpathEntry=C:/Users/Public/MultiMC/libraries/lzma/lzma/0.0.1/lzma-0.0.1.jar
   classpathEntry=C:/Users/Public/MultiMC/libraries/java3d/vecmath/1.5.2/vecmath-1.5.2.jar
   classpathEntry=C:/Users/Public/MultiMC/libraries/net/sf/trove4j/trove4j/3.0.3/trove4j-3.0.3.jar
   classpathEntry=C:/Users/Public/MultiMC/libraries/org/apache/maven/maven-artifact/3.5.3/maven-artifact-3.5.3.jar
   classpathEntry=C:/Users/Public/MultiMC/libraries/com/mojang/minecraft/1.12.2/minecraft-1.12.2-client.jar
)
[16:44:06] [main/INFO]: Registering discovery module EnumeratorModuleClassPath: [<Java Class Path>]
[16:44:06] [main/INFO]: Registering discovery module EnumeratorModuleFolder: [C:\Users\Public\MultiMC\instances\1.12.21\.minecraft\mods]
[16:44:06] [main/INFO]: Registering discovery module EnumeratorModuleFolder: [C:\Users\Public\MultiMC\instances\1.12.21\.minecraft\mods\1.12.2]
[16:44:06] [main/INFO]: Registering enumerator plugin DefaultEnumeratorPlugin: [com.mumfrey.liteloader.core.api.DefaultEnumeratorPlugin@70e0accd]
[16:44:06] [main/INFO]: Discovering valid mod files in folder C:\Users\Public\MultiMC\instances\1.12.21\.minecraft\mods
[16:44:06] [main/INFO]: Inspecting jar metadata in '# LibLoader.jar'
[16:44:06] [main/INFO]: Ignoring C:\Users\Public\MultiMC\instances\1.12.21\.minecraft\mods\# LibLoader.jar
[16:44:06] [main/INFO]: Inspecting jar metadata in 'AkashicTome-1.2-10.jar'
[16:44:06] [main/INFO]: Ignoring C:\Users\Public\MultiMC\instances\1.12.21\.minecraft\mods\AkashicTome-1.2-10.jar
[16:44:06] [main/INFO]: Inspecting jar metadata in 'AppleSkin-mc1.12-1.0.9.jar'
[16:44:06] [main/INFO]: Ignoring C:\Users\Public\MultiMC\instances\1.12.21\.minecraft\mods\AppleSkin-mc1.12-1.0.9.jar
[16:44:06] [main/INFO]: Inspecting jar metadata in 'Aquaculture-1.12.2-1.6.5.jar'
[16:44:06] [main/INFO]: Ignoring C:\Users\Public\MultiMC\instances\1.12.21\.minecraft\mods\Aquaculture-1.12.2-1.6.5.jar
[16:44:06] [main/INFO]: Inspecting jar metadata in 'armorplus-1.12.2-11.16.3.48.jar'
[16:44:06] [main/INFO]: Ignoring C:\Users\Public\MultiMC\instances\1.12.21\.minecraft\mods\armorplus-1.12.2-11.16.3.48.jar
[16:44:06] [main/INFO]: Inspecting jar metadata in 'Aroma1997Core-1.12.2-2.0.0.0.jar'
[16:44:06] [main/INFO]: Ignoring C:\Users\Public\MultiMC\instances\1.12.21\.minecraft\mods\Aroma1997Core-1.12.2-2.0.0.0.jar
[16:44:06] [main/INFO]: Inspecting jar metadata in 'Aroma1997s-Dimensional-World-1.12-1.3.0.0.b37.jar'
[16:44:06] [main/INFO]: Ignoring C:\Users\Public\MultiMC\instances\1.12.21\.minecraft\mods\Aroma1997s-Dimensional-World-1.12-1.3.0.0.b37.jar
[16:44:06] [main/INFO]: Inspecting jar metadata in 'AromaBackup-1.12.2-2.1.1.4.jar'
[16:44:06] [main/INFO]: Ignoring C:\Users\Public\MultiMC\instances\1.12.21\.minecraft\mods\AromaBackup-1.12.2-2.1.1.4.jar
[16:44:06] [main/INFO]: Inspecting jar metadata in 'AutoRegLib-1.3-24.jar'
[16:44:06] [main/INFO]: Ignoring C:\Users\Public\MultiMC\instances\1.12.21\.minecraft\mods\AutoRegLib-1.3-24.jar
[16:44:06] [main/INFO]: Inspecting jar metadata in 'Avaritia-1.12.2-3.2.0.25-universal.jar'
[16:44:06] [main/INFO]: Ignoring C:\Users\Public\MultiMC\instances\1.12.21\.minecraft\mods\Avaritia-1.12.2-3.2.0.25-universal.jar
[16:44:06] [main/INFO]: Inspecting jar metadata in 'Baubles-1.12-1.5.2.jar'
[16:44:06] [main/INFO]: Ignoring C:\Users\Public\MultiMC\instances\1.12.21\.minecraft\mods\Baubles-1.12-1.5.2.jar
[16:44:06] [main/INFO]: Inspecting jar metadata in 'bdlib-1.14.3.12-mc1.12.2.jar'
[16:44:06] [main/INFO]: Ignoring C:\Users\Public\MultiMC\instances\1.12.21\.minecraft\mods\bdlib-1.14.3.12-mc1.12.2.jar
[16:44:06] [main/INFO]: Inspecting jar metadata in 'BedBugs-1.12-1.0.1.jar'
[16:44:06] [main/INFO]: Ignoring C:\Users\Public\MultiMC\instances\1.12.21\.minecraft\mods\BedBugs-1.12-1.0.1.jar
[16:44:06] [main/INFO]: Inspecting jar metadata in 'BetterAdvancements-1.12.2-0.0.16.71.jar'
[16:44:06] [main/INFO]: Ignoring C:\Users\Public\MultiMC\instances\1.12.21\.minecraft\mods\BetterAdvancements-1.12.2-0.0.16.71.jar
[16:44:06] [main/INFO]: Inspecting jar metadata in 'BetterFoliage-MC1.12-2.2.0.jar'
[16:44:06] [main/INFO]: Ignoring C:\Users\Public\MultiMC\instances\1.12.21\.minecraft\mods\BetterFoliage-MC1.12-2.2.0.jar
[16:44:06] [main/INFO]: Inspecting jar metadata in 'BetterSprinting++MC-1.12.2++v2.1.1.jar'
[16:44:06] [main/INFO]: Ignoring C:\Users\Public\MultiMC\instances\1.12.21\.minecraft\mods\BetterSprinting++MC-1.12.2++v2.1.1.jar
[16:44:06] [main/INFO]: Inspecting jar metadata in 'BiomesOPlenty-1.12.2-7.0.1.2419-universal.jar'
[16:44:06] [main/INFO]: Ignoring C:\Users\Public\MultiMC\instances\1.12.21\.minecraft\mods\BiomesOPlenty-1.12.2-7.0.1.2419-universal.jar
[16:44:06] [main/INFO]: Inspecting jar metadata in 'Botania+r1.10-358.jar'
[16:44:06] [main/INFO]: Ignoring C:\Users\Public\MultiMC\instances\1.12.21\.minecraft\mods\Botania+r1.10-358.jar
[16:44:06] [main/INFO]: Inspecting jar metadata in 'buildcraft-all-7.99.21.jar'
[16:44:06] [main/INFO]: Ignoring C:\Users\Public\MultiMC\instances\1.12.21\.minecraft\mods\buildcraft-all-7.99.21.jar
[16:44:06] [main/INFO]: Inspecting jar metadata in 'Bullseye-1.12.2-3.0.6.jar'
[16:44:06] [main/INFO]: Ignoring C:\Users\Public\MultiMC\instances\1.12.21\.minecraft\mods\Bullseye-1.12.2-3.0.6.jar
[16:44:06] [main/INFO]: Inspecting jar metadata in 'Ceramics-1.12-1.3.4.jar'
[16:44:06] [main/INFO]: Ignoring C:\Users\Public\MultiMC\instances\1.12.21\.minecraft\mods\Ceramics-1.12-1.3.4.jar
[16:44:06] [main/INFO]: Inspecting jar metadata in 'chameleoncreepers-1.4.1-1.12.jar'
[16:44:06] [main/INFO]: Ignoring C:\Users\Public\MultiMC\instances\1.12.21\.minecraft\mods\chameleoncreepers-1.4.1-1.12.jar
[16:44:06] [main/INFO]: Inspecting jar metadata in 'Charset-Lib-0.5.3.2.jar'
[16:44:06] [main/INFO]: Ignoring C:\Users\Public\MultiMC\instances\1.12.21\.minecraft\mods\Charset-Lib-0.5.3.2.jar
[16:44:06] [main/INFO]: Inspecting jar metadata in 'Charset-StorageBarrels-0.5.3.0.jar'
[16:44:06] [main/INFO]: Ignoring C:\Users\Public\MultiMC\instances\1.12.21\.minecraft\mods\Charset-StorageBarrels-0.5.3.0.jar
[16:44:06] [main/INFO]: Inspecting jar metadata in 'Charset-StorageChests-0.5.3.0.jar'
[16:44:06] [main/INFO]: Ignoring C:\Users\Public\MultiMC\instances\1.12.21\.minecraft\mods\Charset-StorageChests-0.5.3.0.jar
[16:44:06] [main/INFO]: Inspecting jar metadata in 'Charset-StorageTanks-0.5.3.0.jar'
[16:44:06] [main/INFO]: Ignoring C:\Users\Public\MultiMC\instances\1.12.21\.minecraft\mods\Charset-StorageTanks-0.5.3.0.jar
[16:44:06] [main/INFO]: Inspecting jar metadata in 'Charset-TransportCartsRails-0.5.2.0.jar'
[16:44:06] [main/INFO]: Ignoring C:\Users\Public\MultiMC\instances\1.12.21\.minecraft\mods\Charset-TransportCartsRails-0.5.2.0.jar
[16:44:06] [main/INFO]: Inspecting jar metadata in 'ChickenChunks-1.12.2-2.4.1.71-universal.jar'
[16:44:06] [main/INFO]: Ignoring C:\Users\Public\MultiMC\instances\1.12.21\.minecraft\mods\ChickenChunks-1.12.2-2.4.1.71-universal.jar
[16:44:06] [main/INFO]: Inspecting jar metadata in 'chiselsandbits-14.20.jar'
[16:44:06] [main/INFO]: Ignoring C:\Users\Public\MultiMC\instances\1.12.21\.minecraft\mods\chiselsandbits-14.20.jar
[16:44:06] [main/INFO]: Inspecting jar metadata in 'Clumps-3.1.1.jar'
[16:44:06] [main/INFO]: Ignoring C:\Users\Public\MultiMC\instances\1.12.21\.minecraft\mods\Clumps-3.1.1.jar
[16:44:06] [main/INFO]: Inspecting jar metadata in 'CodeChickenLib-1.12.2-3.2.2.353-universal.jar'
[16:44:06] [main/INFO]: Ignoring C:\Users\Public\MultiMC\instances\1.12.21\.minecraft\mods\CodeChickenLib-1.12.2-3.2.2.353-universal.jar
[16:44:06] [main/INFO]: Inspecting jar metadata in 'CoFHCore-1.12.2-4.6.1.22-universal.jar'
[16:44:06] [main/INFO]: Ignoring C:\Users\Public\MultiMC\instances\1.12.21\.minecraft\mods\CoFHCore-1.12.2-4.6.1.22-universal.jar
[16:44:06] [main/INFO]: Inspecting jar metadata in 'CoFHWorld-1.12.2-1.3.0.6-universal.jar'
[16:44:06] [main/INFO]: Ignoring C:\Users\Public\MultiMC\instances\1.12.21\.minecraft\mods\CoFHWorld-1.12.2-1.3.0.6-universal.jar
[16:44:06] [main/INFO]: Inspecting jar metadata in 'conarm-1.12.2-1.2.3.jar'
[16:44:06] [main/INFO]: Ignoring C:\Users\Public\MultiMC\instances\1.12.21\.minecraft\mods\conarm-1.12.2-1.2.3.jar
[16:44:06] [main/INFO]: Inspecting jar metadata in 'CsokiCraftUtil-1.3.6.jar'
[16:44:06] [main/INFO]: Ignoring C:\Users\Public\MultiMC\instances\1.12.21\.minecraft\mods\CsokiCraftUtil-1.3.6.jar
[16:44:06] [main/INFO]: Inspecting jar metadata in 'DeathCounter-1.12.1-1.0.0.jar'
[16:44:06] [main/INFO]: Ignoring C:\Users\Public\MultiMC\instances\1.12.21\.minecraft\mods\DeathCounter-1.12.1-1.0.0.jar
[16:44:06] [main/INFO]: Inspecting jar metadata in 'DebugServerInfo-1.12.2-1.0.5.jar'
[16:44:06] [main/INFO]: Ignoring C:\Users\Public\MultiMC\instances\1.12.21\.minecraft\mods\DebugServerInfo-1.12.2-1.0.5.jar
[16:44:06] [main/INFO]: Inspecting jar metadata in 'Decocraft-2.6.0_1.12.2.jar'
[16:44:06] [main/INFO]: Ignoring C:\Users\Public\MultiMC\instances\1.12.21\.minecraft\mods\Decocraft-2.6.0_1.12.2.jar
[16:44:06] [main/INFO]: Inspecting jar metadata in 'DynamicLights-1.12.2.jar'
[16:44:06] [main/INFO]: Ignoring C:\Users\Public\MultiMC\instances\1.12.21\.minecraft\mods\DynamicLights-1.12.2.jar
[16:44:06] [main/INFO]: Inspecting jar metadata in 'ElevatorMod-1.12.2-1.3.6.jar'
[16:44:06] [main/INFO]: Ignoring C:\Users\Public\MultiMC\instances\1.12.21\.minecraft\mods\ElevatorMod-1.12.2-1.3.6.jar
[16:44:06] [main/INFO]: Inspecting jar metadata in 'EnderCore-1.12.2-0.5.43.jar'
[16:44:06] [main/INFO]: Ignoring C:\Users\Public\MultiMC\instances\1.12.21\.minecraft\mods\EnderCore-1.12.2-0.5.43.jar
[16:44:06] [main/INFO]: Inspecting jar metadata in 'EnderIO-1.12.2-5.0.39.jar'
[16:44:06] [main/INFO]: Ignoring C:\Users\Public\MultiMC\instances\1.12.21\.minecraft\mods\EnderIO-1.12.2-5.0.39.jar
[16:44:06] [main/INFO]: Inspecting jar metadata in 'EnderIO-zoo-1.12.2-5.0.39.jar'
[16:44:06] [main/INFO]: Ignoring C:\Users\Public\MultiMC\instances\1.12.21\.minecraft\mods\EnderIO-zoo-1.12.2-5.0.39.jar
[16:44:06] [main/INFO]: Inspecting jar metadata in 'EnderStorage-1.12.2-2.4.4.132-universal.jar'
[16:44:06] [main/INFO]: Ignoring C:\Users\Public\MultiMC\instances\1.12.21\.minecraft\mods\EnderStorage-1.12.2-2.4.4.132-universal.jar
[16:44:06] [main/INFO]: Inspecting jar metadata in 'endertanks-1.12.0-1.6.6.jar'
[16:44:06] [main/INFO]: Ignoring C:\Users\Public\MultiMC\instances\1.12.21\.minecraft\mods\endertanks-1.12.0-1.6.6.jar
[16:44:06] [main/INFO]: Inspecting jar metadata in 'ExtraBitManipulation-1.12-3.2.1.jar'
[16:44:06] [main/INFO]: Ignoring C:\Users\Public\MultiMC\instances\1.12.21\.minecraft\mods\ExtraBitManipulation-1.12-3.2.1.jar
[16:44:06] [main/INFO]: Inspecting jar metadata in 'extrautils2-1.12-1.9.8.jar'
[16:44:06] [main/INFO]: Ignoring C:\Users\Public\MultiMC\instances\1.12.21\.minecraft\mods\extrautils2-1.12-1.9.8.jar
[16:44:06] [main/INFO]: Inspecting jar metadata in 'ExtremeEnergy-1.1.9.jar'
[16:44:06] [main/INFO]: Ignoring C:\Users\Public\MultiMC\instances\1.12.21\.minecraft\mods\ExtremeEnergy-1.1.9.jar
[16:44:06] [main/INFO]: Inspecting jar metadata in 'FastLeafDecay-v14.jar'
[16:44:06] [main/INFO]: Ignoring C:\Users\Public\MultiMC\instances\1.12.21\.minecraft\mods\FastLeafDecay-v14.jar
[16:44:06] [main/INFO]: Inspecting jar metadata in 'flatcoloredblocks-mc1.12-6.6.jar'
[16:44:06] [main/INFO]: Ignoring C:\Users\Public\MultiMC\instances\1.12.21\.minecraft\mods\flatcoloredblocks-mc1.12-6.6.jar
[16:44:06] [main/INFO]: Inspecting jar metadata in 'foamfix-0.10.3-1.12.2.jar'
[16:44:06] [main/INFO]: Ignoring C:\Users\Public\MultiMC\instances\1.12.21\.minecraft\mods\foamfix-0.10.3-1.12.2.jar
[16:44:06] [main/INFO]: Inspecting jar metadata in 'forestry_1.12.2-5.8.2.382.jar'
[16:44:06] [main/INFO]: Ignoring C:\Users\Public\MultiMC\instances\1.12.21\.minecraft\mods\forestry_1.12.2-5.8.2.382.jar
[16:44:06] [main/INFO]: Inspecting jar metadata in 'Forgelin-1.8.2.jar'
[16:44:06] [main/INFO]: Ignoring C:\Users\Public\MultiMC\instances\1.12.21\.minecraft\mods\Forgelin-1.8.2.jar
[16:44:06] [main/INFO]: Inspecting jar metadata in 'ForgeMultipart-1.12.2-2.4.2.60-universal.jar'
[16:44:06] [main/INFO]: Ignoring C:\Users\Public\MultiMC\instances\1.12.21\.minecraft\mods\ForgeMultipart-1.12.2-2.4.2.60-universal.jar
[16:44:06] [main/INFO]: Inspecting jar metadata in 'FullscreenWindowed-1.12-1.6.0.jar'
[16:44:06] [main/INFO]: Ignoring C:\Users\Public\MultiMC\instances\1.12.21\.minecraft\mods\FullscreenWindowed-1.12-1.6.0.jar
[16:44:06] [main/INFO]: Inspecting jar metadata in 'GasConduits-1.12.2-1.0.0.jar'
[16:44:06] [main/INFO]: Ignoring C:\Users\Public\MultiMC\instances\1.12.21\.minecraft\mods\GasConduits-1.12.2-1.0.0.jar
[16:44:06] [main/INFO]: Inspecting jar metadata in 'GraveStone-1.12.2-Extended-1.2.6.jar'
[16:44:06] [main/INFO]: Ignoring C:\Users\Public\MultiMC\instances\1.12.21\.minecraft\mods\GraveStone-1.12.2-Extended-1.2.6.jar
[16:44:06] [main/INFO]: Inspecting jar metadata in 'GraveStone-1.12.2-Graves-1.0.16.jar'
[16:44:06] [main/INFO]: Ignoring C:\Users\Public\MultiMC\instances\1.12.21\.minecraft\mods\GraveStone-1.12.2-Graves-1.0.16.jar
[16:44:06] [main/INFO]: Inspecting jar metadata in 'Guide-API-1.12-2.1.6-61.jar'
[16:44:06] [main/INFO]: Ignoring C:\Users\Public\MultiMC\instances\1.12.21\.minecraft\mods\Guide-API-1.12-2.1.6-61.jar
[16:44:06] [main/INFO]: Inspecting jar metadata in 'HelpFixer-1.12.1-1.5.18.jar'
[16:44:06] [main/INFO]: Ignoring C:\Users\Public\MultiMC\instances\1.12.21\.minecraft\mods\HelpFixer-1.12.1-1.5.18.jar
[16:44:06] [main/INFO]: Inspecting jar metadata in 'Hwyla-1.8.26-B41_1.12.2.jar'
[16:44:06] [main/INFO]: Ignoring C:\Users\Public\MultiMC\instances\1.12.21\.minecraft\mods\Hwyla-1.8.26-B41_1.12.2.jar
[16:44:06] [main/INFO]: Inspecting jar metadata in 'iChunUtil-1.12.2-7.1.4.jar'
[16:44:06] [main/INFO]: Ignoring C:\Users\Public\MultiMC\instances\1.12.21\.minecraft\mods\iChunUtil-1.12.2-7.1.4.jar
[16:44:06] [main/INFO]: Inspecting jar metadata in 'ImmersiveEngineering-0.12-88.jar'
[16:44:06] [main/INFO]: Ignoring C:\Users\Public\MultiMC\instances\1.12.21\.minecraft\mods\ImmersiveEngineering-0.12-88.jar
[16:44:06] [main/INFO]: Inspecting jar metadata in 'immersivepetroleum-1.12.2-1.1.9.jar'
[16:44:06] [main/INFO]: Ignoring C:\Users\Public\MultiMC\instances\1.12.21\.minecraft\mods\immersivepetroleum-1.12.2-1.1.9.jar
[16:44:06] [main/INFO]: Inspecting jar metadata in 'industrialcraft-2-2.8.109-ex112.jar'
[16:44:06] [main/INFO]: Ignoring C:\Users\Public\MultiMC\instances\1.12.21\.minecraft\mods\industrialcraft-2-2.8.109-ex112.jar
[16:44:06] [main/INFO]: Inspecting jar metadata in 'instantunify-1.12.2-1.1.2.jar'
[16:44:06] [main/INFO]: Ignoring C:\Users\Public\MultiMC\instances\1.12.21\.minecraft\mods\instantunify-1.12.2-1.1.2.jar
[16:44:06] [main/INFO]: Inspecting jar metadata in 'InventoryTweaks-1.63.jar'
[16:44:06] [main/INFO]: Ignoring C:\Users\Public\MultiMC\instances\1.12.21\.minecraft\mods\InventoryTweaks-1.63.jar
[16:44:06] [main/INFO]: Inspecting jar metadata in 'IronBackpacks-1.12.2-3.0.8-12.jar'
[16:44:06] [main/INFO]: Ignoring C:\Users\Public\MultiMC\instances\1.12.21\.minecraft\mods\IronBackpacks-1.12.2-3.0.8-12.jar
[16:44:06] [main/INFO]: Inspecting jar metadata in 'IvToolkit-1.3.3-1.12.jar'
[16:44:06] [main/INFO]: Ignoring C:\Users\Public\MultiMC\instances\1.12.21\.minecraft\mods\IvToolkit-1.3.3-1.12.jar
[16:44:06] [main/INFO]: Inspecting jar metadata in 'JEHC-1.12.2-1.6.1.0.jar'
[16:44:06] [main/INFO]: Ignoring C:\Users\Public\MultiMC\instances\1.12.21\.minecraft\mods\JEHC-1.12.2-1.6.1.0.jar
[16:44:06] [main/INFO]: Inspecting jar metadata in 'jei_1.12.2-4.13.1.225.jar'
[16:44:06] [main/INFO]: Ignoring C:\Users\Public\MultiMC\instances\1.12.21\.minecraft\mods\jei_1.12.2-4.13.1.225.jar
[16:44:06] [main/INFO]: Inspecting jar metadata in 'journeymap-1.12.2-5.5.2.jar'
[16:44:06] [main/INFO]: Ignoring C:\Users\Public\MultiMC\instances\1.12.21\.minecraft\mods\journeymap-1.12.2-5.5.2.jar
[16:44:06] [main/INFO]: Inspecting jar metadata in 'JustEnoughResources-1.12.2-0.8.5.27.jar'
[16:44:06] [main/INFO]: Ignoring C:\Users\Public\MultiMC\instances\1.12.21\.minecraft\mods\JustEnoughResources-1.12.2-0.8.5.27.jar
[16:44:06] [main/INFO]: Inspecting jar metadata in 'landcore-1.5.0.0.jar'
[16:44:06] [main/INFO]: Ignoring C:\Users\Public\MultiMC\instances\1.12.21\.minecraft\mods\landcore-1.5.0.0.jar
[16:44:06] [main/INFO]: Inspecting jar metadata in 'landcraft-2.2.1.2.jar'
[16:44:06] [main/INFO]: Ignoring C:\Users\Public\MultiMC\instances\1.12.21\.minecraft\mods\landcraft-2.2.1.2.jar
[16:44:06] [main/INFO]: Inspecting jar metadata in 'librarianlib-1.12.2-4.15.jar'
[16:44:06] [main/INFO]: Ignoring C:\Users\Public\MultiMC\instances\1.12.21\.minecraft\mods\librarianlib-1.12.2-4.15.jar
[16:44:06] [main/INFO]: Inspecting jar metadata in 'LLOverlayReloaded-1.1.6-mc1.12.2.jar'
[16:44:06] [main/INFO]: Ignoring C:\Users\Public\MultiMC\instances\1.12.21\.minecraft\mods\LLOverlayReloaded-1.1.6-mc1.12.2.jar
[16:44:06] [main/INFO]: Inspecting jar metadata in 'MagicBees-1.12.2-3.1.10.jar'
[16:44:06] [main/INFO]: Ignoring C:\Users\Public\MultiMC\instances\1.12.21\.minecraft\mods\MagicBees-1.12.2-3.1.10.jar
[16:44:06] [main/INFO]: Inspecting jar metadata in 'malisisblocks-1.12.2-6.1.0.jar'
[16:44:06] [main/INFO]: Ignoring C:\Users\Public\MultiMC\instances\1.12.21\.minecraft\mods\malisisblocks-1.12.2-6.1.0.jar
[16:44:06] [main/INFO]: Inspecting jar metadata in 'malisiscore-1.12.2-6.4.0.jar'
[16:44:06] [main/INFO]: Ignoring C:\Users\Public\MultiMC\instances\1.12.21\.minecraft\mods\malisiscore-1.12.2-6.4.0.jar
[16:44:06] [main/INFO]: Inspecting jar metadata in 'malisisdoors-1.12.2-7.3.0.jar'
[16:44:06] [main/INFO]: Ignoring C:\Users\Public\MultiMC\instances\1.12.21\.minecraft\mods\malisisdoors-1.12.2-7.3.0.jar
[16:44:06] [main/INFO]: Inspecting jar metadata in 'Mantle-1.12-1.3.3.39.jar'
[16:44:06] [main/INFO]: Ignoring C:\Users\Public\MultiMC\instances\1.12.21\.minecraft\mods\Mantle-1.12-1.3.3.39.jar
[16:44:06] [main/INFO]: Inspecting jar metadata in 'mcjtylib-1.12-3.0.3.jar'
[16:44:06] [main/INFO]: Ignoring C:\Users\Public\MultiMC\instances\1.12.21\.minecraft\mods\mcjtylib-1.12-3.0.3.jar
[16:44:06] [main/INFO]: Inspecting jar metadata in 'MCMultiPart-2.5.1.jar'
[16:44:06] [main/INFO]: Ignoring C:\Users\Public\MultiMC\instances\1.12.21\.minecraft\mods\MCMultiPart-2.5.1.jar
[16:44:06] [main/INFO]: Inspecting jar metadata in 'Mekanism-1.12.2-9.4.13.349.jar'
[16:44:06] [main/INFO]: Ignoring C:\Users\Public\MultiMC\instances\1.12.21\.minecraft\mods\Mekanism-1.12.2-9.4.13.349.jar
[16:44:06] [main/INFO]: Inspecting jar metadata in 'MekanismGenerators-1.12.2-9.4.13.349.jar'
[16:44:06] [main/INFO]: Ignoring C:\Users\Public\MultiMC\instances\1.12.21\.minecraft\mods\MekanismGenerators-1.12.2-9.4.13.349.jar
[16:44:06] [main/INFO]: Inspecting jar metadata in 'MekanismTools-1.12.2-9.4.13.349.jar'
[16:44:06] [main/INFO]: Ignoring C:\Users\Public\MultiMC\instances\1.12.21\.minecraft\mods\MekanismTools-1.12.2-9.4.13.349.jar
[16:44:06] [main/INFO]: Inspecting jar metadata in 'MobAmputation-1.12.2-7.0.0.jar'
[16:44:06] [main/INFO]: Ignoring C:\Users\Public\MultiMC\instances\1.12.21\.minecraft\mods\MobAmputation-1.12.2-7.0.0.jar
[16:44:06] [main/INFO]: Inspecting jar metadata in 'MobDismemberment-1.12.2-7.0.0.jar'
[16:44:06] [main/INFO]: Ignoring C:\Users\Public\MultiMC\instances\1.12.21\.minecraft\mods\MobDismemberment-1.12.2-7.0.0.jar
[16:44:06] [main/INFO]: Inspecting jar metadata in 'mod-gammabright-3.7-mc1.12.2.litemod'
[16:44:06] [main/INFO]: Considering valid mod file: C:\Users\Public\MultiMC\instances\1.12.21\.minecraft\mods\mod-gammabright-3.7-mc1.12.2.litemod
[16:44:06] [main/INFO]: Inspecting jar metadata in 'ModularPowersuits-1.12.2-0.7.0.029.jar'
[16:44:06] [main/INFO]: Ignoring C:\Users\Public\MultiMC\instances\1.12.21\.minecraft\mods\ModularPowersuits-1.12.2-0.7.0.029.jar
[16:44:06] [main/INFO]: Inspecting jar metadata in 'mod_worldeditcui_1.12.1_00_lite_mc1.12.1.litemod'
[16:44:06] [main/INFO]: Considering valid mod file: C:\Users\Public\MultiMC\instances\1.12.21\.minecraft\mods\mod_worldeditcui_1.12.1_00_lite_mc1.12.1.litemod
[16:44:06] [main/INFO]: Inspecting jar metadata in 'moreoverlays-1.14-mc1.12.2.jar'
[16:44:06] [main/INFO]: Ignoring C:\Users\Public\MultiMC\instances\1.12.21\.minecraft\mods\moreoverlays-1.14-mc1.12.2.jar
[16:44:06] [main/INFO]: Inspecting jar metadata in 'Morph-o-Tool-1.2-16.jar'
[16:44:06] [main/INFO]: Ignoring C:\Users\Public\MultiMC\instances\1.12.21\.minecraft\mods\Morph-o-Tool-1.2-16.jar
[16:44:06] [main/INFO]: Inspecting jar metadata in 'Morpheus-1.12-3.3.2.jar'
[16:44:06] [main/INFO]: Ignoring C:\Users\Public\MultiMC\instances\1.12.21\.minecraft\mods\Morpheus-1.12-3.3.2.jar
[16:44:06] [main/INFO]: Inspecting jar metadata in 'MouseTweaks-2.8-mc1.12.1.jar'
[16:44:06] [main/INFO]: Not adding invalid or version-mismatched mod file: C:\Users\Public\MultiMC\instances\1.12.21\.minecraft\mods\MouseTweaks-2.8-mc1.12.1.jar
[16:44:06] [main/INFO]: Inspecting jar metadata in 'MrTJPCore-1.12.2-2.1.3.35-universal.jar'
[16:44:06] [main/INFO]: Ignoring C:\Users\Public\MultiMC\instances\1.12.21\.minecraft\mods\MrTJPCore-1.12.2-2.1.3.35-universal.jar
[16:44:06] [main/INFO]: Inspecting jar metadata in 'multibeds-1.12.0-1.4.3.jar'
[16:44:06] [main/INFO]: Ignoring C:\Users\Public\MultiMC\instances\1.12.21\.minecraft\mods\multibeds-1.12.0-1.4.3.jar
[16:44:06] [main/INFO]: Inspecting jar metadata in 'multistorage-1.12.0-1.4.10.jar'
[16:44:06] [main/INFO]: Ignoring C:\Users\Public\MultiMC\instances\1.12.21\.minecraft\mods\multistorage-1.12.0-1.4.10.jar
[16:44:06] [main/INFO]: Inspecting jar metadata in 'natura-1.12.2-4.3.2.66.jar'
[16:44:06] [main/INFO]: Ignoring C:\Users\Public\MultiMC\instances\1.12.21\.minecraft\mods\natura-1.12.2-4.3.2.66.jar
[16:44:06] [main/INFO]: Inspecting jar metadata in 'NetherPortalFix_1.12.1-5.3.13.jar'
[16:44:06] [main/INFO]: Ignoring C:\Users\Public\MultiMC\instances\1.12.21\.minecraft\mods\NetherPortalFix_1.12.1-5.3.13.jar
[16:44:06] [main/INFO]: Inspecting jar metadata in 'NoMoreRecipeConflict-0.11(1.12.2).jar'
[16:44:06] [main/INFO]: Ignoring C:\Users\Public\MultiMC\instances\1.12.21\.minecraft\mods\NoMoreRecipeConflict-0.11(1.12.2).jar
[16:44:06] [main/INFO]: Inspecting jar metadata in 'NotEnoughItems-1.12.2-2.4.2.240-universal.jar'
[16:44:06] [main/INFO]: Ignoring C:\Users\Public\MultiMC\instances\1.12.21\.minecraft\mods\NotEnoughItems-1.12.2-2.4.2.240-universal.jar
[16:44:06] [main/INFO]: Inspecting jar metadata in 'NuclearCraft-2.13e--1.12.2.jar'
[16:44:06] [main/INFO]: Ignoring C:\Users\Public\MultiMC\instances\1.12.21\.minecraft\mods\NuclearCraft-2.13e--1.12.2.jar
[16:44:06] [main/INFO]: Inspecting jar metadata in 'omlib-1.12.2-3.0.1-162.jar'
[16:44:06] [main/INFO]: Ignoring C:\Users\Public\MultiMC\instances\1.12.21\.minecraft\mods\omlib-1.12.2-3.0.1-162.jar
[16:44:06] [main/INFO]: Inspecting jar metadata in 'ompd-1.12.2-3.0.0-36.jar'
[16:44:06] [main/INFO]: Ignoring C:\Users\Public\MultiMC\instances\1.12.21\.minecraft\mods\ompd-1.12.2-3.0.0-36.jar
[16:44:06] [main/INFO]: Inspecting jar metadata in 'OpenComputers-MC1.12.2-1.7.2.67.jar'
[16:44:06] [main/INFO]: Ignoring C:\Users\Public\MultiMC\instances\1.12.21\.minecraft\mods\OpenComputers-MC1.12.2-1.7.2.67.jar
[16:44:06] [main/INFO]: Inspecting jar metadata in 'openmodularturrets-1.12.2-3.0.1-264.jar'
[16:44:06] [main/INFO]: Ignoring C:\Users\Public\MultiMC\instances\1.12.21\.minecraft\mods\openmodularturrets-1.12.2-3.0.1-264.jar
[16:44:06] [main/INFO]: Inspecting jar metadata in 'OptiFine_1.12.2_HD_U_E3.jar'
[16:44:06] [main/INFO]: Ignoring C:\Users\Public\MultiMC\instances\1.12.21\.minecraft\mods\OptiFine_1.12.2_HD_U_E3.jar
[16:44:06] [main/INFO]: Inspecting jar metadata in 'Pam's+HarvestCraft+1.12.2u.jar'
[16:44:06] [main/INFO]: Ignoring C:\Users\Public\MultiMC\instances\1.12.21\.minecraft\mods\Pam's+HarvestCraft+1.12.2u.jar
[16:44:06] [main/INFO]: Inspecting jar metadata in 'platforms-1.12.0-1.4.5.jar'
[16:44:06] [main/INFO]: Ignoring C:\Users\Public\MultiMC\instances\1.12.21\.minecraft\mods\platforms-1.12.0-1.4.5.jar
[16:44:06] [main/INFO]: Inspecting jar metadata in 'plustic-6.5.4.2.jar'
[16:44:06] [main/INFO]: Ignoring C:\Users\Public\MultiMC\instances\1.12.21\.minecraft\mods\plustic-6.5.4.2.jar
[16:44:06] [main/INFO]: Inspecting jar metadata in 'PortalGun-1.12.2-7.0.2.jar'
[16:44:06] [main/INFO]: Ignoring C:\Users\Public\MultiMC\instances\1.12.21\.minecraft\mods\PortalGun-1.12.2-7.0.2.jar
[16:44:06] [main/INFO]: Inspecting jar metadata in 'PotionFingers-r1.0-2.jar'
[16:44:06] [main/INFO]: Ignoring C:\Users\Public\MultiMC\instances\1.12.21\.minecraft\mods\PotionFingers-r1.0-2.jar
[16:44:06] [main/INFO]: Inspecting jar metadata in 'pressure-1.3.1.6-mc1.12.1.jar'
[16:44:06] [main/INFO]: Ignoring C:\Users\Public\MultiMC\instances\1.12.21\.minecraft\mods\pressure-1.3.1.6-mc1.12.1.jar
[16:44:06] [main/INFO]: Inspecting jar metadata in 'ProjectRed-1.12.2-4.9.1.92-Base.jar'
[16:44:06] [main/INFO]: Ignoring C:\Users\Public\MultiMC\instances\1.12.21\.minecraft\mods\ProjectRed-1.12.2-4.9.1.92-Base.jar
[16:44:06] [main/INFO]: Inspecting jar metadata in 'ProjectRed-1.12.2-4.9.1.92-compat.jar'
[16:44:06] [main/INFO]: Ignoring C:\Users\Public\MultiMC\instances\1.12.21\.minecraft\mods\ProjectRed-1.12.2-4.9.1.92-compat.jar
[16:44:06] [main/INFO]: Inspecting jar metadata in 'ProjectRed-1.12.2-4.9.1.92-fabrication.jar'
[16:44:06] [main/INFO]: Ignoring C:\Users\Public\MultiMC\instances\1.12.21\.minecraft\mods\ProjectRed-1.12.2-4.9.1.92-fabrication.jar
[16:44:06] [main/INFO]: Inspecting jar metadata in 'ProjectRed-1.12.2-4.9.1.92-integration.jar'
[16:44:06] [main/INFO]: Ignoring C:\Users\Public\MultiMC\instances\1.12.21\.minecraft\mods\ProjectRed-1.12.2-4.9.1.92-integration.jar
[16:44:06] [main/INFO]: Inspecting jar metadata in 'ProjectRed-1.12.2-4.9.1.92-lighting.jar'
[16:44:06] [main/INFO]: Ignoring C:\Users\Public\MultiMC\instances\1.12.21\.minecraft\mods\ProjectRed-1.12.2-4.9.1.92-lighting.jar
[16:44:06] [main/INFO]: Inspecting jar metadata in 'ProjectRed-1.12.2-4.9.1.92-mechanical.jar'
[16:44:06] [main/INFO]: Ignoring C:\Users\Public\MultiMC\instances\1.12.21\.minecraft\mods\ProjectRed-1.12.2-4.9.1.92-mechanical.jar
[16:44:06] [main/INFO]: Inspecting jar metadata in 'ProjectRed-1.12.2-4.9.1.92-world.jar'
[16:44:06] [main/INFO]: Ignoring C:\Users\Public\MultiMC\instances\1.12.21\.minecraft\mods\ProjectRed-1.12.2-4.9.1.92-world.jar
[16:44:06] [main/INFO]: Inspecting jar metadata in 'Psi-r1.1-70.jar'
[16:44:06] [main/INFO]: Ignoring C:\Users\Public\MultiMC\instances\1.12.21\.minecraft\mods\Psi-r1.1-70.jar
[16:44:06] [main/INFO]: Inspecting jar metadata in 'PTRLib-1.0.2.jar'
[16:44:06] [main/INFO]: Ignoring C:\Users\Public\MultiMC\instances\1.12.21\.minecraft\mods\PTRLib-1.0.2.jar
[16:44:06] [main/INFO]: Inspecting jar metadata in 'railcraft-12.0.0-beta-4.jar'
[16:44:06] [main/INFO]: Ignoring C:\Users\Public\MultiMC\instances\1.12.21\.minecraft\mods\railcraft-12.0.0-beta-4.jar
[16:44:06] [main/INFO]: Inspecting jar metadata in 'reap-1.5.1.jar'
[16:44:06] [main/INFO]: Ignoring C:\Users\Public\MultiMC\instances\1.12.21\.minecraft\mods\reap-1.5.1.jar
[16:44:06] [main/INFO]: Inspecting jar metadata in 'reauth-3.6.0.jar'
[16:44:06] [main/INFO]: Ignoring C:\Users\Public\MultiMC\instances\1.12.21\.minecraft\mods\reauth-3.6.0.jar
[16:44:06] [main/INFO]: Inspecting jar metadata in 'RecurrentComplex-1.4.7.jar'
[16:44:06] [main/INFO]: Ignoring C:\Users\Public\MultiMC\instances\1.12.21\.minecraft\mods\RecurrentComplex-1.4.7.jar
[16:44:06] [main/INFO]: Inspecting jar metadata in 'RedstoneArsenal-1.12.2-2.6.1.15-universal.jar'
[16:44:06] [main/INFO]: Ignoring C:\Users\Public\MultiMC\instances\1.12.21\.minecraft\mods\RedstoneArsenal-1.12.2-2.6.1.15-universal.jar
[16:44:06] [main/INFO]: Inspecting jar metadata in 'RedstoneFlux-1.12-2.1.0.6-universal.jar'
[16:44:06] [main/INFO]: Ignoring C:\Users\Public\MultiMC\instances\1.12.21\.minecraft\mods\RedstoneFlux-1.12-2.1.0.6-universal.jar
[16:44:06] [main/INFO]: Inspecting jar metadata in 'refinedstorage-1.6.12.jar'
[16:44:06] [main/INFO]: Ignoring C:\Users\Public\MultiMC\instances\1.12.21\.minecraft\mods\refinedstorage-1.6.12.jar
[16:44:06] [main/INFO]: Inspecting jar metadata in 'refinedstorageaddons-0.4.3.jar'
[16:44:06] [main/INFO]: Ignoring C:\Users\Public\MultiMC\instances\1.12.21\.minecraft\mods\refinedstorageaddons-0.4.3.jar
[16:44:06] [main/INFO]: Inspecting jar metadata in 'rftools-1.12-7.55.jar'
[16:44:06] [main/INFO]: Ignoring C:\Users\Public\MultiMC\instances\1.12.21\.minecraft\mods\rftools-1.12-7.55.jar
[16:44:06] [main/INFO]: Inspecting jar metadata in 'rftoolsctrl-1.12-1.9.1.jar'
[16:44:06] [main/INFO]: Ignoring C:\Users\Public\MultiMC\instances\1.12.21\.minecraft\mods\rftoolsctrl-1.12-1.9.1.jar
[16:44:06] [main/INFO]: Inspecting jar metadata in 'rftoolsdim-1.12-5.60.jar'
[16:44:06] [main/INFO]: Ignoring C:\Users\Public\MultiMC\instances\1.12.21\.minecraft\mods\rftoolsdim-1.12-5.60.jar
[16:44:06] [main/INFO]: Inspecting jar metadata in 'rpsideas-2.1.5.jar'
[16:44:06] [main/INFO]: Ignoring C:\Users\Public\MultiMC\instances\1.12.21\.minecraft\mods\rpsideas-2.1.5.jar
[16:44:06] [main/INFO]: Inspecting jar metadata in 'ScalingHealth-1.12-1.3.19-102.jar'
[16:44:06] [main/INFO]: Ignoring C:\Users\Public\MultiMC\instances\1.12.21\.minecraft\mods\ScalingHealth-1.12-1.3.19-102.jar
[16:44:06] [main/INFO]: Inspecting jar metadata in 'shetiphiancore-1.12.0-3.5.7.jar'
[16:44:06] [main/INFO]: Ignoring C:\Users\Public\MultiMC\instances\1.12.21\.minecraft\mods\shetiphiancore-1.12.0-3.5.7.jar
[16:44:06] [main/INFO]: Inspecting jar metadata in 'SilentLib-1.12-2.2.18-100.jar'
[16:44:06] [main/INFO]: Ignoring C:\Users\Public\MultiMC\instances\1.12.21\.minecraft\mods\SilentLib-1.12-2.2.18-100.jar
[16:44:06] [main/INFO]: Inspecting jar metadata in 'SimpleLogic-Gates-0.5.3.2.jar'
[16:44:06] [main/INFO]: Ignoring C:\Users\Public\MultiMC\instances\1.12.21\.minecraft\mods\SimpleLogic-Gates-0.5.3.2.jar
[16:44:06] [main/INFO]: Inspecting jar metadata in 'SimpleLogic-Wires-0.5.3.2.jar'
[16:44:06] [main/INFO]: Ignoring C:\Users\Public\MultiMC\instances\1.12.21\.minecraft\mods\SimpleLogic-Wires-0.5.3.2.jar
[16:44:06] [main/INFO]: Inspecting jar metadata in 'SmoothWater-0.1.4.jar'
[16:44:06] [main/INFO]: Ignoring C:\Users\Public\MultiMC\instances\1.12.21\.minecraft\mods\SmoothWater-0.1.4.jar
[16:44:06] [main/INFO]: Inspecting jar metadata in 'sodiumcraft-1.3.4.jar'
[16:44:06] [main/INFO]: Ignoring C:\Users\Public\MultiMC\instances\1.12.21\.minecraft\mods\sodiumcraft-1.3.4.jar
[16:44:06] [main/INFO]: Inspecting jar metadata in 'Survivalist-1.12.2-2.1.5.jar'
[16:44:06] [main/INFO]: Ignoring C:\Users\Public\MultiMC\instances\1.12.21\.minecraft\mods\Survivalist-1.12.2-2.1.5.jar
[16:44:06] [main/INFO]: Inspecting jar metadata in 'TConstruct-1.12.2-2.12.0.115.jar'
[16:44:06] [main/INFO]: Ignoring C:\Users\Public\MultiMC\instances\1.12.21\.minecraft\mods\TConstruct-1.12.2-2.12.0.115.jar
[16:44:06] [main/INFO]: Inspecting jar metadata in 'Tesla-1.12.2-1.0.63.jar'
[16:44:06] [main/INFO]: Ignoring C:\Users\Public\MultiMC\instances\1.12.21\.minecraft\mods\Tesla-1.12.2-1.0.63.jar
[16:44:06] [main/INFO]: Inspecting jar metadata in 'teslafied-1.12-1.1.1.jar'
[16:44:06] [main/INFO]: Ignoring C:\Users\Public\MultiMC\instances\1.12.21\.minecraft\mods\teslafied-1.12-1.1.1.jar
[16:44:06] [main/INFO]: Inspecting jar metadata in 'Thaumcraft-1.12.2-6.1.BETA26.jar'
[16:44:06] [main/INFO]: Ignoring C:\Users\Public\MultiMC\instances\1.12.21\.minecraft\mods\Thaumcraft-1.12.2-6.1.BETA26.jar
[16:44:06] [main/INFO]: Inspecting jar metadata in 'thedragonlib-1.12.2-5.3.0.jar'
[16:44:06] [main/INFO]: Ignoring C:\Users\Public\MultiMC\instances\1.12.21\.minecraft\mods\thedragonlib-1.12.2-5.3.0.jar
[16:44:06] [main/INFO]: Inspecting jar metadata in 'ThermalCultivation-1.12.2-0.3.1.8-universal.jar'
[16:44:06] [main/INFO]: Ignoring C:\Users\Public\MultiMC\instances\1.12.21\.minecraft\mods\ThermalCultivation-1.12.2-0.3.1.8-universal.jar
[16:44:06] [main/INFO]: Inspecting jar metadata in 'ThermalDynamics-1.12.2-2.5.3.16-universal.jar'
[16:44:06] [main/INFO]: Ignoring C:\Users\Public\MultiMC\instances\1.12.21\.minecraft\mods\ThermalDynamics-1.12.2-2.5.3.16-universal.jar
[16:44:06] [main/INFO]: Inspecting jar metadata in 'ThermalExpansion-1.12.2-5.5.2.39-universal.jar'
[16:44:06] [main/INFO]: Ignoring C:\Users\Public\MultiMC\instances\1.12.21\.minecraft\mods\ThermalExpansion-1.12.2-5.5.2.39-universal.jar
[16:44:06] [main/INFO]: Inspecting jar metadata in 'ThermalFoundation-1.12.2-2.6.1.22-universal.jar'
[16:44:06] [main/INFO]: Ignoring C:\Users\Public\MultiMC\instances\1.12.21\.minecraft\mods\ThermalFoundation-1.12.2-2.6.1.22-universal.jar
[16:44:06] [main/INFO]: Inspecting jar metadata in 'ThermalInnovation-1.12.2-0.3.1.8-universal.jar'
[16:44:06] [main/INFO]: Ignoring C:\Users\Public\MultiMC\instances\1.12.21\.minecraft\mods\ThermalInnovation-1.12.2-0.3.1.8-universal.jar
[16:44:06] [main/INFO]: Inspecting jar metadata in 'thutcore-1.12.2-5.17.0.jar'
[16:44:06] [main/INFO]: Ignoring C:\Users\Public\MultiMC\instances\1.12.21\.minecraft\mods\thutcore-1.12.2-5.17.0.jar
[16:44:06] [main/INFO]: Inspecting jar metadata in 'thuttech-1.12.2-6.0.16.jar'
[16:44:06] [main/INFO]: Ignoring C:\Users\Public\MultiMC\instances\1.12.21\.minecraft\mods\thuttech-1.12.2-6.0.16.jar
[16:44:06] [main/INFO]: Inspecting jar metadata in 'TickProfiler-1.12-0.0.4.jar'
[16:44:06] [main/INFO]: Ignoring C:\Users\Public\MultiMC\instances\1.12.21\.minecraft\mods\TickProfiler-1.12-0.0.4.jar
[16:44:06] [main/INFO]: Inspecting jar metadata in 'TinkeredHegemony-0.2.0.jar'
[16:44:06] [main/INFO]: Ignoring C:\Users\Public\MultiMC\instances\1.12.21\.minecraft\mods\TinkeredHegemony-0.2.0.jar
[16:44:06] [main/INFO]: Inspecting jar metadata in 'tinker_io-1.12.2-rw2.7.1.jar'
[16:44:06] [main/INFO]: Ignoring C:\Users\Public\MultiMC\instances\1.12.21\.minecraft\mods\tinker_io-1.12.2-rw2.7.1.jar
[16:44:06] [main/INFO]: Inspecting jar metadata in 'TIS-3D-MC1.12.2-1.4.0.29.jar'
[16:44:06] [main/INFO]: Ignoring C:\Users\Public\MultiMC\instances\1.12.21\.minecraft\mods\TIS-3D-MC1.12.2-1.4.0.29.jar
[16:44:06] [main/INFO]: Inspecting jar metadata in 'Translocators-1.12.2-2.5.0.73-universal.jar'
[16:44:06] [main/INFO]: Ignoring C:\Users\Public\MultiMC\instances\1.12.21\.minecraft\mods\Translocators-1.12.2-2.5.0.73-universal.jar
[16:44:06] [main/INFO]: Inspecting jar metadata in 'twilightforest-1.12.2-3.8.689-universal.jar'
[16:44:06] [main/INFO]: Ignoring C:\Users\Public\MultiMC\instances\1.12.21\.minecraft\mods\twilightforest-1.12.2-3.8.689-universal.jar
[16:44:06] [main/INFO]: Inspecting jar metadata in 'UniDict-1.12.2-2.5f.jar'
[16:44:06] [main/INFO]: Ignoring C:\Users\Public\MultiMC\instances\1.12.21\.minecraft\mods\UniDict-1.12.2-2.5f.jar
[16:44:06] [main/INFO]: Inspecting jar metadata in 'UnlimitedChiselWorks-0.2.0.jar'
[16:44:06] [main/INFO]: Ignoring C:\Users\Public\MultiMC\instances\1.12.21\.minecraft\mods\UnlimitedChiselWorks-0.2.0.jar
[16:44:06] [main/INFO]: Inspecting jar metadata in 'WailaHarvestability-mc1.12-1.1.12.jar'
[16:44:06] [main/INFO]: Ignoring C:\Users\Public\MultiMC\instances\1.12.21\.minecraft\mods\WailaHarvestability-mc1.12-1.1.12.jar
[16:44:06] [main/INFO]: Inspecting jar metadata in 'WanionLib-1.12.2-1.5.jar'
[16:44:06] [main/INFO]: Ignoring C:\Users\Public\MultiMC\instances\1.12.21\.minecraft\mods\WanionLib-1.12.2-1.5.jar
[16:44:06] [main/INFO]: Inspecting jar metadata in 'Wawla-1.12.2-2.5.257.jar'
[16:44:06] [main/INFO]: Ignoring C:\Users\Public\MultiMC\instances\1.12.21\.minecraft\mods\Wawla-1.12.2-2.5.257.jar
[16:44:06] [main/INFO]: Inspecting jar metadata in 'Waystones_1.12.2-4.0.54.jar'
[16:44:06] [main/INFO]: Ignoring C:\Users\Public\MultiMC\instances\1.12.21\.minecraft\mods\Waystones_1.12.2-4.0.54.jar
[16:44:06] [main/INFO]: Inspecting jar metadata in 'worldedit-forge-mc1.12.2-6.1.10-SNAPSHOT-dist.jar'
[16:44:06] [main/INFO]: Ignoring C:\Users\Public\MultiMC\instances\1.12.21\.minecraft\mods\worldedit-forge-mc1.12.2-6.1.10-SNAPSHOT-dist.jar
[16:44:06] [main/INFO]: Inspecting jar metadata in 'WR-CBE-1.12.2-2.3.0.27-universal.jar'
[16:44:06] [main/INFO]: Ignoring C:\Users\Public\MultiMC\instances\1.12.21\.minecraft\mods\WR-CBE-1.12.2-2.3.0.27-universal.jar
[16:44:06] [main/INFO]: Inspecting jar metadata in '[1.12.x]+SecurityCraft+v1.8.6.jar'
[16:44:06] [main/INFO]: Ignoring C:\Users\Public\MultiMC\instances\1.12.21\.minecraft\mods\[1.12.x]+SecurityCraft+v1.8.6.jar
[16:44:06] [main/INFO]: Discovering valid mod files in folder C:\Users\Public\MultiMC\instances\1.12.21\.minecraft\mods\1.12.2
[16:44:06] [main/INFO]: Inspecting jar metadata in 'ChickenASM-1.12-1.0.2.7.jar'
[16:44:06] [main/INFO]: Baking listener list for EnumerationObserver with 1 listeners
[16:44:06] [main/INFO]: Discovering tweaks on class path...
[16:44:06] [main/INFO]: Registering discovered mod files in folder C:\Users\Public\MultiMC\instances\1.12.21\.minecraft\mods
[16:44:06] [main/INFO]: Adding newest valid mod file 'C:\Users\Public\MultiMC\instances\1.12.21\.minecraft\mods\mod-gammabright-3.7-mc1.12.2.litemod' at revision 6.0000
[16:44:06] [main/INFO]: Adding newest valid mod file 'C:\Users\Public\MultiMC\instances\1.12.21\.minecraft\mods\mod_worldeditcui_1.12.1_00_lite_mc1.12.1.litemod' at revision 11210.0000
[16:44:06] [main/INFO]: Registering discovered mod files in folder C:\Users\Public\MultiMC\instances\1.12.21\.minecraft\mods\1.12.2
[16:44:06] [main/INFO]: Mod file 'ChickenASM-1.12-1.0.2.7.jar' provides tweakClass 'codechicken.asm.internal.Tweaker', adding to Launch queue with priority 1000
[16:44:06] [main/INFO]: tweakClass 'codechicken.asm.internal.Tweaker' was successfully added
[16:44:06] [main/INFO]: Initialising LiteLoader Mixins
[16:44:06] [main/INFO]: LiteLoader PREINIT complete
[16:44:11] [main/INFO]: FML detected, switching to searge mappings
[16:46:31] [Client thread/INFO]: JInput Component Registry is initialising...
